<?xml version="1.0" encoding="UTF-8"?>
<!-- Generated by org.testng.reporters.JUnitXMLReporter -->
<testsuite ignored="0" hostname="Naivedya" failures="2" tests="4" name="Test" time="54.852" errors="0" timestamp="2024-03-22T09:57:38 IST">
  <testcase classname="com.parabank.testCases.TC003_AccountRegister_DDT" name="verify_AccountRegistrationDDT" time="32.636">
    <failure type="java.lang.AssertionError" message="null">
      <![CDATA[java.lang.AssertionError: null
at com.parabank.testCases.TC003_AccountRegister_DDT.verify_AccountRegistrationDDT(TC003_AccountRegister_DDT.java:53)
at java.base/java.util.ArrayList.forEach(ArrayList.java:1596)
... Removed 27 stack frames]]>
    </failure>
  </testcase> <!-- verify_AccountRegistrationDDT -->
  <testcase classname="com.parabank.testCases.TC003_AccountRegister_DDT" name="verify_AccountRegistrationDDT" time="1.885">
    <failure type="java.lang.AssertionError" message="null">
      <![CDATA[java.lang.AssertionError: null
at com.parabank.testCases.TC003_AccountRegister_DDT.verify_AccountRegistrationDDT(TC003_AccountRegister_DDT.java:53)
at java.base/java.util.ArrayList.forEach(ArrayList.java:1596)
... Removed 27 stack frames]]>
    </failure>
  </testcase> <!-- verify_AccountRegistrationDDT -->
  <testcase classname="com.parabank.testCases.LoginPageDDT" name="verifyLoginUserDDT" time="2.067"/>
  <testcase classname="com.parabank.testCases.LoginPageDDT" name="verifyLoginUserDDT" time="2.033"/>
</testsuite> <!-- Test -->
