<?xml version="1.0" encoding="UTF-8"?>
<!-- Generated by org.testng.reporters.JUnitXMLReporter -->
<testsuite ignored="0" hostname="Naivedya" failures="2" tests="4" name="Test" time="82.352" errors="0" timestamp="2024-03-24T09:04:01 IST">
  <testcase classname="com.parabank.testCases.TC003_AccountRegister_DDT" name="verify_AccountRegistrationDDT" time="35.608">
    <failure type="java.lang.AssertionError" message="null">
      <![CDATA[java.lang.AssertionError: null
at com.parabank.testCases.TC003_AccountRegister_DDT.verify_AccountRegistrationDDT(TC003_AccountRegister_DDT.java:53)
at java.base/java.util.ArrayList.forEach(ArrayList.java:1596)
... Removed 31 stack frames]]>
    </failure>
  </testcase> <!-- verify_AccountRegistrationDDT -->
  <testcase classname="com.parabank.testCases.TC003_AccountRegister_DDT" name="verify_AccountRegistrationDDT" time="3.911">
    <failure type="java.lang.AssertionError" message="null">
      <![CDATA[java.lang.AssertionError: null
at com.parabank.testCases.TC003_AccountRegister_DDT.verify_AccountRegistrationDDT(TC003_AccountRegister_DDT.java:53)
at java.base/java.util.ArrayList.forEach(ArrayList.java:1596)
... Removed 31 stack frames]]>
    </failure>
  </testcase> <!-- verify_AccountRegistrationDDT -->
  <testcase classname="com.parabank.testCases.LoginPageDDT" name="verifyLoginUserDDT" time="2.156"/>
  <testcase classname="com.parabank.testCases.LoginPageDDT" name="verifyLoginUserDDT" time="2.112"/>
</testsuite> <!-- Test -->
